app/build/intermediates/manifest_merge_blame_file/debug/manifest-merger-blame-debug-report.txt
1<?xml version="1.0" encoding="utf-8"?>
2<manifest xmlns:android="http://schemas.android.com/apk/res/android"
3    package="com.styleme.app"
4    android:versionCode="1"
5    android:versionName="1.0" >
6
7    <uses-sdk
8        android:minSdkVersion="26"
9        android:targetSdkVersion="34" />
10
11    <uses-permission android:name="android.permission.INTERNET" />
11-->src\main\AndroidManifest.xml:4:5-67
11-->src\main\AndroidManifest.xml:4:22-64
12    <uses-permission android:name="android.permission.CAMERA" />
12-->src\main\AndroidManifest.xml:5:5-65
12-->src\main\AndroidManifest.xml:5:22-62
13    <uses-permission
13-->src\main\AndroidManifest.xml:6:5-7:38
14        android:name="android.permission.READ_EXTERNAL_STORAGE"
14-->src\main\AndroidManifest.xml:6:22-77
15        android:maxSdkVersion="32" />
15-->src\main\AndroidManifest.xml:7:9-35
16    <uses-permission android:name="android.permission.READ_MEDIA_IMAGES" />
16-->src\main\AndroidManifest.xml:8:5-76
16-->src\main\AndroidManifest.xml:8:22-73
17    <uses-permission
17-->src\main\AndroidManifest.xml:9:5-10:38
18        android:name="android.permission.WRITE_EXTERNAL_STORAGE"
18-->src\main\AndroidManifest.xml:9:22-78
19        android:maxSdkVersion="28" />
19-->src\main\AndroidManifest.xml:10:9-35
20
21    <uses-feature
21-->src\main\AndroidManifest.xml:12:5-85
22        android:name="android.hardware.camera"
22-->src\main\AndroidManifest.xml:12:19-57
23        android:required="false" />
23-->src\main\AndroidManifest.xml:12:58-82
24
25    <uses-permission android:name="android.permission.ACCESS_NETWORK_STATE" />
25-->[androidx.media3:media3-exoplayer:1.1.1] AndroidManifest.xml:24:5-79
25-->[androidx.media3:media3-exoplayer:1.1.1] AndroidManifest.xml:24:22-76
26    <uses-permission android:name="android.permission.WAKE_LOCK" />
26-->[com.google.android.gms:play-services-measurement-api:21.5.0] AndroidManifest.xml:24:5-68
26-->[com.google.android.gms:play-services-measurement-api:21.5.0] AndroidManifest.xml:24:22-65
27    <uses-permission android:name="com.google.android.gms.permission.AD_ID" />
27-->[com.google.android.gms:play-services-measurement-api:21.5.0] AndroidManifest.xml:25:5-79
27-->[com.google.android.gms:play-services-measurement-api:21.5.0] AndroidManifest.xml:25:22-76
28    <uses-permission android:name="android.permission.ACCESS_ADSERVICES_ATTRIBUTION" />
28-->[com.google.android.gms:play-services-measurement-api:21.5.0] AndroidManifest.xml:26:5-88
28-->[com.google.android.gms:play-services-measurement-api:21.5.0] AndroidManifest.xml:26:22-85
29    <uses-permission android:name="android.permission.ACCESS_ADSERVICES_AD_ID" />
29-->[com.google.android.gms:play-services-measurement-api:21.5.0] AndroidManifest.xml:27:5-82
29-->[com.google.android.gms:play-services-measurement-api:21.5.0] AndroidManifest.xml:27:22-79
30    <uses-permission android:name="android.permission.RECEIVE_BOOT_COMPLETED" />
30-->[androidx.work:work-runtime:2.7.1] AndroidManifest.xml:27:5-81
30-->[androidx.work:work-runtime:2.7.1] AndroidManifest.xml:27:22-78
31    <uses-permission android:name="android.permission.FOREGROUND_SERVICE" />
31-->[androidx.work:work-runtime:2.7.1] AndroidManifest.xml:28:5-77
31-->[androidx.work:work-runtime:2.7.1] AndroidManifest.xml:28:22-74
32    <uses-permission android:name="com.google.android.finsky.permission.BIND_GET_INSTALL_REFERRER_SERVICE" />
32-->[com.google.android.gms:play-services-measurement:21.5.0] AndroidManifest.xml:26:5-110
32-->[com.google.android.gms:play-services-measurement:21.5.0] AndroidManifest.xml:26:22-107
33
34    <permission
34-->[androidx.core:core:1.12.0] AndroidManifest.xml:22:5-24:47
35        android:name="com.styleme.app.DYNAMIC_RECEIVER_NOT_EXPORTED_PERMISSION"
35-->[androidx.core:core:1.12.0] AndroidManifest.xml:23:9-81
36        android:protectionLevel="signature" />
36-->[androidx.core:core:1.12.0] AndroidManifest.xml:24:9-44
37
38    <uses-permission android:name="com.styleme.app.DYNAMIC_RECEIVER_NOT_EXPORTED_PERMISSION" />
38-->[androidx.core:core:1.12.0] AndroidManifest.xml:26:5-97
38-->[androidx.core:core:1.12.0] AndroidManifest.xml:26:22-94
39
40    <application
40-->src\main\AndroidManifest.xml:14:5-34:19
41        android:name="com.styleme.app.StyleMeApp"
41-->src\main\AndroidManifest.xml:15:9-35
42        android:allowBackup="true"
42-->src\main\AndroidManifest.xml:16:9-35
43        android:appComponentFactory="androidx.core.app.CoreComponentFactory"
43-->[androidx.core:core:1.12.0] AndroidManifest.xml:28:18-86
44        android:debuggable="true"
45        android:extractNativeLibs="false"
46        android:icon="@mipmap/ic_launcher"
46-->src\main\AndroidManifest.xml:17:9-43
47        android:label="@string/app_name"
47-->src\main\AndroidManifest.xml:18:9-41
48        android:roundIcon="@mipmap/ic_launcher_round"
48-->src\main\AndroidManifest.xml:19:9-54
49        android:supportsRtl="true"
49-->src\main\AndroidManifest.xml:20:9-35
50        android:testOnly="true"
51        android:theme="@style/Theme.StyleMe"
51-->src\main\AndroidManifest.xml:21:9-45
52        android:usesCleartextTraffic="true" >
52-->src\main\AndroidManifest.xml:22:9-44
53        <activity
53-->src\main\AndroidManifest.xml:24:9-32:20
54            android:name="com.styleme.app.ui.MainActivity"
54-->src\main\AndroidManifest.xml:25:13-44
55            android:exported="true"
55-->src\main\AndroidManifest.xml:26:13-36
56            android:windowSoftInputMode="adjustResize" >
56-->src\main\AndroidManifest.xml:27:13-55
57            <intent-filter>
57-->src\main\AndroidManifest.xml:28:13-31:29
58                <action android:name="android.intent.action.MAIN" />
58-->src\main\AndroidManifest.xml:29:17-69
58-->src\main\AndroidManifest.xml:29:25-66
59
60                <category android:name="android.intent.category.LAUNCHER" />
60-->src\main\AndroidManifest.xml:30:17-77
60-->src\main\AndroidManifest.xml:30:27-74
61            </intent-filter>
62        </activity>
63        <activity
63-->[com.cloudinary:cloudinary-android-ui:2.5.0] AndroidManifest.xml:10:9-13:56
64            android:name="com.cloudinary.android.uploadwidget.ui.UploadWidgetActivity"
64-->[com.cloudinary:cloudinary-android-ui:2.5.0] AndroidManifest.xml:11:13-87
65            android:configChanges="orientation"
65-->[com.cloudinary:cloudinary-android-ui:2.5.0] AndroidManifest.xml:12:13-48
66            android:theme="@style/UploadWidgetTheme" />
66-->[com.cloudinary:cloudinary-android-ui:2.5.0] AndroidManifest.xml:13:13-53
67
68        <service
68-->[com.google.firebase:firebase-storage-ktx:20.3.0] AndroidManifest.xml:9:9-15:19
69            android:name="com.google.firebase.components.ComponentDiscoveryService"
69-->[com.google.firebase:firebase-storage-ktx:20.3.0] AndroidManifest.xml:10:13-84
70            android:directBootAware="true"
70-->[com.google.firebase:firebase-common:20.4.2] AndroidManifest.xml:32:13-43
71            android:exported="false" >
71-->[com.google.firebase:firebase-storage-ktx:20.3.0] AndroidManifest.xml:11:13-37
72            <meta-data
72-->[com.google.firebase:firebase-storage-ktx:20.3.0] AndroidManifest.xml:12:13-14:85
73                android:name="com.google.firebase.components:com.google.firebase.storage.ktx.FirebaseStorageLegacyRegistrar"
73-->[com.google.firebase:firebase-storage-ktx:20.3.0] AndroidManifest.xml:13:17-125
74                android:value="com.google.firebase.components.ComponentRegistrar" />
74-->[com.google.firebase:firebase-storage-ktx:20.3.0] AndroidManifest.xml:14:17-82
75            <meta-data
75-->[com.google.firebase:firebase-analytics-ktx:21.5.0] AndroidManifest.xml:11:13-13:85
76                android:name="com.google.firebase.components:com.google.firebase.analytics.ktx.FirebaseAnalyticsLegacyRegistrar"
76-->[com.google.firebase:firebase-analytics-ktx:21.5.0] AndroidManifest.xml:12:17-129
77                android:value="com.google.firebase.components.ComponentRegistrar" />
77-->[com.google.firebase:firebase-analytics-ktx:21.5.0] AndroidManifest.xml:13:17-82
78            <meta-data
78-->[com.google.firebase:firebase-firestore-ktx:24.10.0] AndroidManifest.xml:12:13-14:85
79                android:name="com.google.firebase.components:com.google.firebase.firestore.ktx.FirebaseFirestoreLegacyRegistrar"
79-->[com.google.firebase:firebase-firestore-ktx:24.10.0] AndroidManifest.xml:13:17-129
80                android:value="com.google.firebase.components.ComponentRegistrar" />
80-->[com.google.firebase:firebase-firestore-ktx:24.10.0] AndroidManifest.xml:14:17-82
81            <meta-data
81-->[com.google.firebase:firebase-storage:20.3.0] AndroidManifest.xml:30:13-32:85
82                android:name="com.google.firebase.components:com.google.firebase.storage.FirebaseStorageKtxRegistrar"
82-->[com.google.firebase:firebase-storage:20.3.0] AndroidManifest.xml:31:17-118
83                android:value="com.google.firebase.components.ComponentRegistrar" />
83-->[com.google.firebase:firebase-storage:20.3.0] AndroidManifest.xml:32:17-82
84            <meta-data
84-->[com.google.firebase:firebase-storage:20.3.0] AndroidManifest.xml:33:13-35:85
85                android:name="com.google.firebase.components:com.google.firebase.storage.StorageRegistrar"
85-->[com.google.firebase:firebase-storage:20.3.0] AndroidManifest.xml:34:17-107
86                android:value="com.google.firebase.components.ComponentRegistrar" />
86-->[com.google.firebase:firebase-storage:20.3.0] AndroidManifest.xml:35:17-82
87            <meta-data
87-->[com.google.firebase:firebase-firestore:24.10.0] AndroidManifest.xml:17:13-19:85
88                android:name="com.google.firebase.components:com.google.firebase.firestore.FirebaseFirestoreKtxRegistrar"
88-->[com.google.firebase:firebase-firestore:24.10.0] AndroidManifest.xml:18:17-122
89                android:value="com.google.firebase.components.ComponentRegistrar" />
89-->[com.google.firebase:firebase-firestore:24.10.0] AndroidManifest.xml:19:17-82
90            <meta-data
90-->[com.google.firebase:firebase-firestore:24.10.0] AndroidManifest.xml:20:13-22:85
91                android:name="com.google.firebase.components:com.google.firebase.firestore.FirestoreRegistrar"
91-->[com.google.firebase:firebase-firestore:24.10.0] AndroidManifest.xml:21:17-111
92                android:value="com.google.firebase.components.ComponentRegistrar" />
92-->[com.google.firebase:firebase-firestore:24.10.0] AndroidManifest.xml:22:17-82
93            <meta-data
93-->[com.google.firebase:firebase-appcheck:17.1.1] AndroidManifest.xml:25:13-27:85
94                android:name="com.google.firebase.components:com.google.firebase.appcheck.FirebaseAppCheckKtxRegistrar"
94-->[com.google.firebase:firebase-appcheck:17.1.1] AndroidManifest.xml:26:17-120
95                android:value="com.google.firebase.components.ComponentRegistrar" />
95-->[com.google.firebase:firebase-appcheck:17.1.1] AndroidManifest.xml:27:17-82
96            <meta-data
96-->[com.google.firebase:firebase-appcheck:17.1.1] AndroidManifest.xml:28:13-30:85
97                android:name="com.google.firebase.components:com.google.firebase.appcheck.FirebaseAppCheckRegistrar"
97-->[com.google.firebase:firebase-appcheck:17.1.1] AndroidManifest.xml:29:17-117
98                android:value="com.google.firebase.components.ComponentRegistrar" />
98-->[com.google.firebase:firebase-appcheck:17.1.1] AndroidManifest.xml:30:17-82
99            <meta-data
99-->[com.google.android.gms:play-services-measurement-api:21.5.0] AndroidManifest.xml:37:13-39:85
100                android:name="com.google.firebase.components:com.google.firebase.analytics.connector.internal.AnalyticsConnectorRegistrar"
100-->[com.google.android.gms:play-services-measurement-api:21.5.0] AndroidManifest.xml:38:17-139
101                android:value="com.google.firebase.components.ComponentRegistrar" />
101-->[com.google.android.gms:play-services-measurement-api:21.5.0] AndroidManifest.xml:39:17-82
102            <meta-data
102-->[com.google.firebase:firebase-installations:17.2.0] AndroidManifest.xml:15:13-17:85
103                android:name="com.google.firebase.components:com.google.firebase.installations.FirebaseInstallationsKtxRegistrar"
103-->[com.google.firebase:firebase-installations:17.2.0] AndroidManifest.xml:16:17-130
104                android:value="com.google.firebase.components.ComponentRegistrar" />
104-->[com.google.firebase:firebase-installations:17.2.0] AndroidManifest.xml:17:17-82
105            <meta-data
105-->[com.google.firebase:firebase-installations:17.2.0] AndroidManifest.xml:18:13-20:85
106                android:name="com.google.firebase.components:com.google.firebase.installations.FirebaseInstallationsRegistrar"
106-->[com.google.firebase:firebase-installations:17.2.0] AndroidManifest.xml:19:17-127
107                android:value="com.google.firebase.components.ComponentRegistrar" />
107-->[com.google.firebase:firebase-installations:17.2.0] AndroidManifest.xml:20:17-82
108            <meta-data
108-->[com.google.firebase:firebase-common-ktx:20.4.2] AndroidManifest.xml:12:13-14:85
109                android:name="com.google.firebase.components:com.google.firebase.ktx.FirebaseCommonLegacyRegistrar"
109-->[com.google.firebase:firebase-common-ktx:20.4.2] AndroidManifest.xml:13:17-116
110                android:value="com.google.firebase.components.ComponentRegistrar" />
110-->[com.google.firebase:firebase-common-ktx:20.4.2] AndroidManifest.xml:14:17-82
111            <meta-data
111-->[com.google.firebase:firebase-common:20.4.2] AndroidManifest.xml:35:13-37:85
112                android:name="com.google.firebase.components:com.google.firebase.FirebaseCommonKtxRegistrar"
112-->[com.google.firebase:firebase-common:20.4.2] AndroidManifest.xml:36:17-109
113                android:value="com.google.firebase.components.ComponentRegistrar" />
113-->[com.google.firebase:firebase-common:20.4.2] AndroidManifest.xml:37:17-82
114        </service>
115
116        <property
116-->[com.google.android.gms:play-services-measurement-api:21.5.0] AndroidManifest.xml:30:9-32:61
117            android:name="android.adservices.AD_SERVICES_CONFIG"
117-->[com.google.android.gms:play-services-measurement-api:21.5.0] AndroidManifest.xml:31:13-65
118            android:resource="@xml/ga_ad_services_config" />
118-->[com.google.android.gms:play-services-measurement-api:21.5.0] AndroidManifest.xml:32:13-58
119
120        <provider
120-->[com.google.firebase:firebase-common:20.4.2] AndroidManifest.xml:23:9-28:39
121            android:name="com.google.firebase.provider.FirebaseInitProvider"
121-->[com.google.firebase:firebase-common:20.4.2] AndroidManifest.xml:24:13-77
122            android:authorities="com.styleme.app.firebaseinitprovider"
122-->[com.google.firebase:firebase-common:20.4.2] AndroidManifest.xml:25:13-72
123            android:directBootAware="true"
123-->[com.google.firebase:firebase-common:20.4.2] AndroidManifest.xml:26:13-43
124            android:exported="false"
124-->[com.google.firebase:firebase-common:20.4.2] AndroidManifest.xml:27:13-37
125            android:initOrder="100" />
125-->[com.google.firebase:firebase-common:20.4.2] AndroidManifest.xml:28:13-36
126
127        <activity
127-->[com.google.android.gms:play-services-base:18.0.1] AndroidManifest.xml:20:9-22:45
128            android:name="com.google.android.gms.common.api.GoogleApiActivity"
128-->[com.google.android.gms:play-services-base:18.0.1] AndroidManifest.xml:20:19-85
129            android:exported="false"
129-->[com.google.android.gms:play-services-base:18.0.1] AndroidManifest.xml:22:19-43
130            android:theme="@android:style/Theme.Translucent.NoTitleBar" />
130-->[com.google.android.gms:play-services-base:18.0.1] AndroidManifest.xml:21:19-78
131
132        <provider
132-->[androidx.emoji2:emoji2:1.2.0] AndroidManifest.xml:24:9-32:20
133            android:name="androidx.startup.InitializationProvider"
133-->[androidx.emoji2:emoji2:1.2.0] AndroidManifest.xml:25:13-67
134            android:authorities="com.styleme.app.androidx-startup"
134-->[androidx.emoji2:emoji2:1.2.0] AndroidManifest.xml:26:13-68
135            android:exported="false" >
135-->[androidx.emoji2:emoji2:1.2.0] AndroidManifest.xml:27:13-37
136            <meta-data
136-->[androidx.emoji2:emoji2:1.2.0] AndroidManifest.xml:29:13-31:52
137                android:name="androidx.emoji2.text.EmojiCompatInitializer"
137-->[androidx.emoji2:emoji2:1.2.0] AndroidManifest.xml:30:17-75
138                android:value="androidx.startup" />
138-->[androidx.emoji2:emoji2:1.2.0] AndroidManifest.xml:31:17-49
139            <meta-data
139-->[androidx.work:work-runtime:2.7.1] AndroidManifest.xml:36:13-38:52
140                android:name="androidx.work.WorkManagerInitializer"
140-->[androidx.work:work-runtime:2.7.1] AndroidManifest.xml:37:17-68
141                android:value="androidx.startup" />
141-->[androidx.work:work-runtime:2.7.1] AndroidManifest.xml:38:17-49
142            <meta-data
142-->[androidx.lifecycle:lifecycle-process:2.7.0] AndroidManifest.xml:29:13-31:52
143                android:name="androidx.lifecycle.ProcessLifecycleInitializer"
143-->[androidx.lifecycle:lifecycle-process:2.7.0] AndroidManifest.xml:30:17-78
144                android:value="androidx.startup" />
144-->[androidx.lifecycle:lifecycle-process:2.7.0] AndroidManifest.xml:31:17-49
145            <meta-data
145-->[androidx.profileinstaller:profileinstaller:1.3.0] AndroidManifest.xml:29:13-31:52
146                android:name="androidx.profileinstaller.ProfileInstallerInitializer"
146-->[androidx.profileinstaller:profileinstaller:1.3.0] AndroidManifest.xml:30:17-85
147                android:value="androidx.startup" />
147-->[androidx.profileinstaller:profileinstaller:1.3.0] AndroidManifest.xml:31:17-49
148        </provider>
149
150        <service
150-->[androidx.work:work-runtime:2.7.1] AndroidManifest.xml:41:9-46:35
151            android:name="androidx.work.impl.background.systemalarm.SystemAlarmService"
151-->[androidx.work:work-runtime:2.7.1] AndroidManifest.xml:42:13-88
152            android:directBootAware="false"
152-->[androidx.work:work-runtime:2.7.1] AndroidManifest.xml:43:13-44
153            android:enabled="@bool/enable_system_alarm_service_default"
153-->[androidx.work:work-runtime:2.7.1] AndroidManifest.xml:44:13-72
154            android:exported="false" />
154-->[androidx.work:work-runtime:2.7.1] AndroidManifest.xml:45:13-37
155        <service
155-->[androidx.work:work-runtime:2.7.1] AndroidManifest.xml:47:9-53:35
156            android:name="androidx.work.impl.background.systemjob.SystemJobService"
156-->[androidx.work:work-runtime:2.7.1] AndroidManifest.xml:48:13-84
157            android:directBootAware="false"
157-->[androidx.work:work-runtime:2.7.1] AndroidManifest.xml:49:13-44
158            android:enabled="@bool/enable_system_job_service_default"
158-->[androidx.work:work-runtime:2.7.1] AndroidManifest.xml:50:13-70
159            android:exported="true"
159-->[androidx.work:work-runtime:2.7.1] AndroidManifest.xml:51:13-36
160            android:permission="android.permission.BIND_JOB_SERVICE" />
160-->[androidx.work:work-runtime:2.7.1] AndroidManifest.xml:52:13-69
161        <service
161-->[androidx.work:work-runtime:2.7.1] AndroidManifest.xml:54:9-59:35
162            android:name="androidx.work.impl.foreground.SystemForegroundService"
162-->[androidx.work:work-runtime:2.7.1] AndroidManifest.xml:55:13-81
163            android:directBootAware="false"
163-->[androidx.work:work-runtime:2.7.1] AndroidManifest.xml:56:13-44
164            android:enabled="@bool/enable_system_foreground_service_default"
164-->[androidx.work:work-runtime:2.7.1] AndroidManifest.xml:57:13-77
165            android:exported="false" />
165-->[androidx.work:work-runtime:2.7.1] AndroidManifest.xml:58:13-37
166
167        <receiver
167-->[androidx.work:work-runtime:2.7.1] AndroidManifest.xml:61:9-66:35
168            android:name="androidx.work.impl.utils.ForceStopRunnable$BroadcastReceiver"
168-->[androidx.work:work-runtime:2.7.1] AndroidManifest.xml:62:13-88
169            android:directBootAware="false"
169-->[androidx.work:work-runtime:2.7.1] AndroidManifest.xml:63:13-44
170            android:enabled="true"
170-->[androidx.work:work-runtime:2.7.1] AndroidManifest.xml:64:13-35
171            android:exported="false" />
171-->[androidx.work:work-runtime:2.7.1] AndroidManifest.xml:65:13-37
172        <receiver
172-->[androidx.work:work-runtime:2.7.1] AndroidManifest.xml:67:9-77:20
173            android:name="androidx.work.impl.background.systemalarm.ConstraintProxy$BatteryChargingProxy"
173-->[androidx.work:work-runtime:2.7.1] AndroidManifest.xml:68:13-106
174            android:directBootAware="false"
174-->[androidx.work:work-runtime:2.7.1] AndroidManifest.xml:69:13-44
175            android:enabled="false"
175-->[androidx.work:work-runtime:2.7.1] AndroidManifest.xml:70:13-36
176            android:exported="false" >
176-->[androidx.work:work-runtime:2.7.1] AndroidManifest.xml:71:13-37
177            <intent-filter>
177-->[androidx.work:work-runtime:2.7.1] AndroidManifest.xml:73:13-76:29
178                <action android:name="android.intent.action.ACTION_POWER_CONNECTED" />
178-->[androidx.work:work-runtime:2.7.1] AndroidManifest.xml:74:17-87
178-->[androidx.work:work-runtime:2.7.1] AndroidManifest.xml:74:25-84
179                <action android:name="android.intent.action.ACTION_POWER_DISCONNECTED" />
179-->[androidx.work:work-runtime:2.7.1] AndroidManifest.xml:75:17-90
179-->[androidx.work:work-runtime:2.7.1] AndroidManifest.xml:75:25-87
180            </intent-filter>
181        </receiver>
182        <receiver
182-->[androidx.work:work-runtime:2.7.1] AndroidManifest.xml:78:9-88:20
183            android:name="androidx.work.impl.background.systemalarm.ConstraintProxy$BatteryNotLowProxy"
183-->[androidx.work:work-runtime:2.7.1] AndroidManifest.xml:79:13-104
184            android:directBootAware="false"
184-->[androidx.work:work-runtime:2.7.1] AndroidManifest.xml:80:13-44
185            android:enabled="false"
185-->[androidx.work:work-runtime:2.7.1] AndroidManifest.xml:81:13-36
186            android:exported="false" >
186-->[androidx.work:work-runtime:2.7.1] AndroidManifest.xml:82:13-37
187            <intent-filter>
187-->[androidx.work:work-runtime:2.7.1] AndroidManifest.xml:84:13-87:29
188                <action android:name="android.intent.action.BATTERY_OKAY" />
188-->[androidx.work:work-runtime:2.7.1] AndroidManifest.xml:85:17-77
188-->[androidx.work:work-runtime:2.7.1] AndroidManifest.xml:85:25-74
189                <action android:name="android.intent.action.BATTERY_LOW" />
189-->[androidx.work:work-runtime:2.7.1] AndroidManifest.xml:86:17-76
189-->[androidx.work:work-runtime:2.7.1] AndroidManifest.xml:86:25-73
190            </intent-filter>
191        </receiver>
192        <receiver
192-->[androidx.work:work-runtime:2.7.1] AndroidManifest.xml:89:9-99:20
193            android:name="androidx.work.impl.background.systemalarm.ConstraintProxy$StorageNotLowProxy"
193-->[androidx.work:work-runtime:2.7.1] AndroidManifest.xml:90:13-104
194            android:directBootAware="false"
194-->[androidx.work:work-runtime:2.7.1] AndroidManifest.xml:91:13-44
195            android:enabled="false"
195-->[androidx.work:work-runtime:2.7.1] AndroidManifest.xml:92:13-36
196            android:exported="false" >
196-->[androidx.work:work-runtime:2.7.1] AndroidManifest.xml:93:13-37
197            <intent-filter>
197-->[androidx.work:work-runtime:2.7.1] AndroidManifest.xml:95:13-98:29
198                <action android:name="android.intent.action.DEVICE_STORAGE_LOW" />
198-->[androidx.work:work-runtime:2.7.1] AndroidManifest.xml:96:17-83
198-->[androidx.work:work-runtime:2.7.1] AndroidManifest.xml:96:25-80
199                <action android:name="android.intent.action.DEVICE_STORAGE_OK" />
199-->[androidx.work:work-runtime:2.7.1] AndroidManifest.xml:97:17-82
199-->[androidx.work:work-runtime:2.7.1] AndroidManifest.xml:97:25-79
200            </intent-filter>
201        </receiver>
202        <receiver
202-->[androidx.work:work-runtime:2.7.1] AndroidManifest.xml:100:9-109:20
203            android:name="androidx.work.impl.background.systemalarm.ConstraintProxy$NetworkStateProxy"
203-->[androidx.work:work-runtime:2.7.1] AndroidManifest.xml:101:13-103
204            android:directBootAware="false"
204-->[androidx.work:work-runtime:2.7.1] AndroidManifest.xml:102:13-44
205            android:enabled="false"
205-->[androidx.work:work-runtime:2.7.1] AndroidManifest.xml:103:13-36
206            android:exported="false" >
206-->[androidx.work:work-runtime:2.7.1] AndroidManifest.xml:104:13-37
207            <intent-filter>
207-->[androidx.work:work-runtime:2.7.1] AndroidManifest.xml:106:13-108:29
208                <action android:name="android.net.conn.CONNECTIVITY_CHANGE" />
208-->[androidx.work:work-runtime:2.7.1] AndroidManifest.xml:107:17-79
208-->[androidx.work:work-runtime:2.7.1] AndroidManifest.xml:107:25-76
209            </intent-filter>
210        </receiver>
211        <receiver
211-->[androidx.work:work-runtime:2.7.1] AndroidManifest.xml:110:9-121:20
212            android:name="androidx.work.impl.background.systemalarm.RescheduleReceiver"
212-->[androidx.work:work-runtime:2.7.1] AndroidManifest.xml:111:13-88
213            android:directBootAware="false"
213-->[androidx.work:work-runtime:2.7.1] AndroidManifest.xml:112:13-44
214            android:enabled="false"
214-->[androidx.work:work-runtime:2.7.1] AndroidManifest.xml:113:13-36
215            android:exported="false" >
215-->[androidx.work:work-runtime:2.7.1] AndroidManifest.xml:114:13-37
216            <intent-filter>
216-->[androidx.work:work-runtime:2.7.1] AndroidManifest.xml:116:13-120:29
217                <action android:name="android.intent.action.BOOT_COMPLETED" />
217-->[androidx.work:work-runtime:2.7.1] AndroidManifest.xml:117:17-79
217-->[androidx.work:work-runtime:2.7.1] AndroidManifest.xml:117:25-76
218                <action android:name="android.intent.action.TIME_SET" />
218-->[androidx.work:work-runtime:2.7.1] AndroidManifest.xml:118:17-73
218-->[androidx.work:work-runtime:2.7.1] AndroidManifest.xml:118:25-70
219                <action android:name="android.intent.action.TIMEZONE_CHANGED" />
219-->[androidx.work:work-runtime:2.7.1] AndroidManifest.xml:119:17-81
219-->[androidx.work:work-runtime:2.7.1] AndroidManifest.xml:119:25-78
220            </intent-filter>
221        </receiver>
222        <receiver
222-->[androidx.work:work-runtime:2.7.1] AndroidManifest.xml:122:9-131:20
223            android:name="androidx.work.impl.background.systemalarm.ConstraintProxyUpdateReceiver"
223-->[androidx.work:work-runtime:2.7.1] AndroidManifest.xml:123:13-99
224            android:directBootAware="false"
224-->[androidx.work:work-runtime:2.7.1] AndroidManifest.xml:124:13-44
225            android:enabled="@bool/enable_system_alarm_service_default"
225-->[androidx.work:work-runtime:2.7.1] AndroidManifest.xml:125:13-72
226            android:exported="false" >
226-->[androidx.work:work-runtime:2.7.1] AndroidManifest.xml:126:13-37
227            <intent-filter>
227-->[androidx.work:work-runtime:2.7.1] AndroidManifest.xml:128:13-130:29
228                <action android:name="androidx.work.impl.background.systemalarm.UpdateProxies" />
228-->[androidx.work:work-runtime:2.7.1] AndroidManifest.xml:129:17-98
228-->[androidx.work:work-runtime:2.7.1] AndroidManifest.xml:129:25-95
229            </intent-filter>
230        </receiver>
231        <receiver
231-->[androidx.work:work-runtime:2.7.1] AndroidManifest.xml:132:9-142:20
232            android:name="androidx.work.impl.diagnostics.DiagnosticsReceiver"
232-->[androidx.work:work-runtime:2.7.1] AndroidManifest.xml:133:13-78
233            android:directBootAware="false"
233-->[androidx.work:work-runtime:2.7.1] AndroidManifest.xml:134:13-44
234            android:enabled="true"
234-->[androidx.work:work-runtime:2.7.1] AndroidManifest.xml:135:13-35
235            android:exported="true"
235-->[androidx.work:work-runtime:2.7.1] AndroidManifest.xml:136:13-36
236            android:permission="android.permission.DUMP" >
236-->[androidx.work:work-runtime:2.7.1] AndroidManifest.xml:137:13-57
237            <intent-filter>
237-->[androidx.work:work-runtime:2.7.1] AndroidManifest.xml:139:13-141:29
238                <action android:name="androidx.work.diagnostics.REQUEST_DIAGNOSTICS" />
238-->[androidx.work:work-runtime:2.7.1] AndroidManifest.xml:140:17-88
238-->[androidx.work:work-runtime:2.7.1] AndroidManifest.xml:140:25-85
239            </intent-filter>
240        </receiver>
241        <receiver
241-->[com.google.android.gms:play-services-measurement:21.5.0] AndroidManifest.xml:29:9-33:20
242            android:name="com.google.android.gms.measurement.AppMeasurementReceiver"
242-->[com.google.android.gms:play-services-measurement:21.5.0] AndroidManifest.xml:30:13-85
243            android:enabled="true"
243-->[com.google.android.gms:play-services-measurement:21.5.0] AndroidManifest.xml:31:13-35
244            android:exported="false" >
244-->[com.google.android.gms:play-services-measurement:21.5.0] AndroidManifest.xml:32:13-37
245        </receiver>
246
247        <service
247-->[com.google.android.gms:play-services-measurement:21.5.0] AndroidManifest.xml:35:9-38:40
248            android:name="com.google.android.gms.measurement.AppMeasurementService"
248-->[com.google.android.gms:play-services-measurement:21.5.0] AndroidManifest.xml:36:13-84
249            android:enabled="true"
249-->[com.google.android.gms:play-services-measurement:21.5.0] AndroidManifest.xml:37:13-35
250            android:exported="false" />
250-->[com.google.android.gms:play-services-measurement:21.5.0] AndroidManifest.xml:38:13-37
251        <service
251-->[com.google.android.gms:play-services-measurement:21.5.0] AndroidManifest.xml:39:9-43:72